running egg_info
creating build/walldetector_pkg/walldetector_pkg.egg-info
writing build/walldetector_pkg/walldetector_pkg.egg-info/PKG-INFO
writing dependency_links to build/walldetector_pkg/walldetector_pkg.egg-info/dependency_links.txt
writing entry points to build/walldetector_pkg/walldetector_pkg.egg-info/entry_points.txt
writing requirements to build/walldetector_pkg/walldetector_pkg.egg-info/requires.txt
writing top-level names to build/walldetector_pkg/walldetector_pkg.egg-info/top_level.txt
writing manifest file 'build/walldetector_pkg/walldetector_pkg.egg-info/SOURCES.txt'
reading manifest file 'build/walldetector_pkg/walldetector_pkg.egg-info/SOURCES.txt'
writing manifest file 'build/walldetector_pkg/walldetector_pkg.egg-info/SOURCES.txt'
running build
running build_py
creating /home/dogan/ros2_ws/src/walldetector_pkg/build/walldetector_pkg/build
creating /home/dogan/ros2_ws/src/walldetector_pkg/build/walldetector_pkg/build/lib
creating /home/dogan/ros2_ws/src/walldetector_pkg/build/walldetector_pkg/build/lib/walldetector_pkg
copying walldetector_pkg/walldetector.py -> /home/dogan/ros2_ws/src/walldetector_pkg/build/walldetector_pkg/build/lib/walldetector_pkg
copying walldetector_pkg/__init__.py -> /home/dogan/ros2_ws/src/walldetector_pkg/build/walldetector_pkg/build/lib/walldetector_pkg
running install
running install_lib
creating /home/dogan/ros2_ws/src/walldetector_pkg/install/walldetector_pkg/lib/python3.10/site-packages/walldetector_pkg
copying /home/dogan/ros2_ws/src/walldetector_pkg/build/walldetector_pkg/build/lib/walldetector_pkg/walldetector.py -> /home/dogan/ros2_ws/src/walldetector_pkg/install/walldetector_pkg/lib/python3.10/site-packages/walldetector_pkg
copying /home/dogan/ros2_ws/src/walldetector_pkg/build/walldetector_pkg/build/lib/walldetector_pkg/__init__.py -> /home/dogan/ros2_ws/src/walldetector_pkg/install/walldetector_pkg/lib/python3.10/site-packages/walldetector_pkg
byte-compiling /home/dogan/ros2_ws/src/walldetector_pkg/install/walldetector_pkg/lib/python3.10/site-packages/walldetector_pkg/walldetector.py to walldetector.cpython-310.pyc
byte-compiling /home/dogan/ros2_ws/src/walldetector_pkg/install/walldetector_pkg/lib/python3.10/site-packages/walldetector_pkg/__init__.py to __init__.cpython-310.pyc
running install_data
creating /home/dogan/ros2_ws/src/walldetector_pkg/install/walldetector_pkg/share/ament_index
creating /home/dogan/ros2_ws/src/walldetector_pkg/install/walldetector_pkg/share/ament_index/resource_index
creating /home/dogan/ros2_ws/src/walldetector_pkg/install/walldetector_pkg/share/ament_index/resource_index/packages
copying resource/walldetector_pkg -> /home/dogan/ros2_ws/src/walldetector_pkg/install/walldetector_pkg/share/ament_index/resource_index/packages
copying package.xml -> /home/dogan/ros2_ws/src/walldetector_pkg/install/walldetector_pkg/share/walldetector_pkg
copying launch/walldetector_pkg_launch_file.launch.py -> /home/dogan/ros2_ws/src/walldetector_pkg/install/walldetector_pkg/share/walldetector_pkg
running install_egg_info
Copying build/walldetector_pkg/walldetector_pkg.egg-info to /home/dogan/ros2_ws/src/walldetector_pkg/install/walldetector_pkg/lib/python3.10/site-packages/walldetector_pkg-0.0.0-py3.10.egg-info
running install_scripts
Installing walldetector script to /home/dogan/ros2_ws/src/walldetector_pkg/install/walldetector_pkg/lib/walldetector_pkg
writing list of installed files to '/home/dogan/ros2_ws/src/walldetector_pkg/build/walldetector_pkg/install.log'
