[0.479s] Invoking command in '/home/dogan/ros2_ws/src/cartographer_pkg': PYTHONPATH=/home/dogan/ros2_ws/src/cartographer_pkg/build/cartographer_pkg/prefix_override:/usr/lib/python3/dist-packages/colcon_core/task/python/colcon_distutils_commands:/home/dogan/ros2_ws/src/cartographer_pkg/install/cartographer_pkg/lib/python3.10/site-packages:${PYTHONPATH} /usr/bin/python3 -W ignore:setup.py install is deprecated -W ignore:easy_install command is deprecated setup.py egg_info --egg-base build/cartographer_pkg build --build-base /home/dogan/ros2_ws/src/cartographer_pkg/build/cartographer_pkg/build install --record /home/dogan/ros2_ws/src/cartographer_pkg/build/cartographer_pkg/install.log --single-version-externally-managed install_data
[0.664s] running egg_info
[0.664s] writing build/cartographer_pkg/cartographer_pkg.egg-info/PKG-INFO
[0.664s] writing dependency_links to build/cartographer_pkg/cartographer_pkg.egg-info/dependency_links.txt
[0.664s] writing entry points to build/cartographer_pkg/cartographer_pkg.egg-info/entry_points.txt
[0.664s] writing requirements to build/cartographer_pkg/cartographer_pkg.egg-info/requires.txt
[0.664s] writing top-level names to build/cartographer_pkg/cartographer_pkg.egg-info/top_level.txt
[0.666s] reading manifest file 'build/cartographer_pkg/cartographer_pkg.egg-info/SOURCES.txt'
[0.666s] writing manifest file 'build/cartographer_pkg/cartographer_pkg.egg-info/SOURCES.txt'
[0.666s] running build
[0.666s] running build_py
[0.667s] copying cartographer_pkg/cartographer.py -> /home/dogan/ros2_ws/src/cartographer_pkg/build/cartographer_pkg/build/lib/cartographer_pkg
[0.667s] running install
[0.667s] running install_lib
[0.667s] copying /home/dogan/ros2_ws/src/cartographer_pkg/build/cartographer_pkg/build/lib/cartographer_pkg/cartographer.py -> /home/dogan/ros2_ws/src/cartographer_pkg/install/cartographer_pkg/lib/python3.10/site-packages/cartographer_pkg
[0.668s] byte-compiling /home/dogan/ros2_ws/src/cartographer_pkg/install/cartographer_pkg/lib/python3.10/site-packages/cartographer_pkg/cartographer.py to cartographer.cpython-310.pyc
[0.668s] running install_data
[0.668s] running install_egg_info
[0.669s] removing '/home/dogan/ros2_ws/src/cartographer_pkg/install/cartographer_pkg/lib/python3.10/site-packages/cartographer_pkg-0.1.0-py3.10.egg-info' (and everything under it)
[0.670s] Copying build/cartographer_pkg/cartographer_pkg.egg-info to /home/dogan/ros2_ws/src/cartographer_pkg/install/cartographer_pkg/lib/python3.10/site-packages/cartographer_pkg-0.1.0-py3.10.egg-info
[0.670s] running install_scripts
[0.684s] Installing cartographer_node script to /home/dogan/ros2_ws/src/cartographer_pkg/install/cartographer_pkg/lib/cartographer_pkg
[0.684s] writing list of installed files to '/home/dogan/ros2_ws/src/cartographer_pkg/build/cartographer_pkg/install.log'
[0.703s] Invoked command in '/home/dogan/ros2_ws/src/cartographer_pkg' returned '0': PYTHONPATH=/home/dogan/ros2_ws/src/cartographer_pkg/build/cartographer_pkg/prefix_override:/usr/lib/python3/dist-packages/colcon_core/task/python/colcon_distutils_commands:/home/dogan/ros2_ws/src/cartographer_pkg/install/cartographer_pkg/lib/python3.10/site-packages:${PYTHONPATH} /usr/bin/python3 -W ignore:setup.py install is deprecated -W ignore:easy_install command is deprecated setup.py egg_info --egg-base build/cartographer_pkg build --build-base /home/dogan/ros2_ws/src/cartographer_pkg/build/cartographer_pkg/build install --record /home/dogan/ros2_ws/src/cartographer_pkg/build/cartographer_pkg/install.log --single-version-externally-managed install_data
