[0.476s] Invoking command in '/home/dogan/ros2_ws/2024_RoboticsAi2TI_Mehmet_Schepens/src/publisher_pkg': PYTHONPATH=/home/dogan/ros2_ws/2024_RoboticsAi2TI_Mehmet_Schepens/build/publisher_pkg/prefix_override:/usr/lib/python3/dist-packages/colcon_core/task/python/colcon_distutils_commands:/home/dogan/ros2_ws/2024_RoboticsAi2TI_Mehmet_Schepens/install/publisher_pkg/lib/python3.10/site-packages:${PYTHONPATH} /usr/bin/python3 -W ignore:setup.py install is deprecated setup.py egg_info --egg-base ../../build/publisher_pkg build --build-base /home/dogan/ros2_ws/2024_RoboticsAi2TI_Mehmet_Schepens/build/publisher_pkg/build install --record /home/dogan/ros2_ws/2024_RoboticsAi2TI_Mehmet_Schepens/build/publisher_pkg/install.log --single-version-externally-managed install_data
[0.657s] running egg_info
[0.657s] writing ../../build/publisher_pkg/publisher_pkg.egg-info/PKG-INFO
[0.657s] writing dependency_links to ../../build/publisher_pkg/publisher_pkg.egg-info/dependency_links.txt
[0.657s] writing entry points to ../../build/publisher_pkg/publisher_pkg.egg-info/entry_points.txt
[0.657s] writing requirements to ../../build/publisher_pkg/publisher_pkg.egg-info/requires.txt
[0.657s] writing top-level names to ../../build/publisher_pkg/publisher_pkg.egg-info/top_level.txt
[0.659s] reading manifest file '../../build/publisher_pkg/publisher_pkg.egg-info/SOURCES.txt'
[0.660s] writing manifest file '../../build/publisher_pkg/publisher_pkg.egg-info/SOURCES.txt'
[0.660s] running build
[0.660s] running build_py
[0.660s] running install
[0.660s] running install_lib
[0.661s] running install_data
[0.661s] copying launch/publisher_pkg_launch_file.launch.py -> /home/dogan/ros2_ws/2024_RoboticsAi2TI_Mehmet_Schepens/install/publisher_pkg/share/publisher_pkg/launch
[0.661s] running install_egg_info
[0.662s] removing '/home/dogan/ros2_ws/2024_RoboticsAi2TI_Mehmet_Schepens/install/publisher_pkg/lib/python3.10/site-packages/publisher_pkg-0.0.0-py3.10.egg-info' (and everything under it)
[0.663s] Copying ../../build/publisher_pkg/publisher_pkg.egg-info to /home/dogan/ros2_ws/2024_RoboticsAi2TI_Mehmet_Schepens/install/publisher_pkg/lib/python3.10/site-packages/publisher_pkg-0.0.0-py3.10.egg-info
[0.663s] running install_scripts
[0.678s] Installing simple_publisher script to /home/dogan/ros2_ws/2024_RoboticsAi2TI_Mehmet_Schepens/install/publisher_pkg/lib/publisher_pkg
[0.678s] writing list of installed files to '/home/dogan/ros2_ws/2024_RoboticsAi2TI_Mehmet_Schepens/build/publisher_pkg/install.log'
[0.698s] Invoked command in '/home/dogan/ros2_ws/2024_RoboticsAi2TI_Mehmet_Schepens/src/publisher_pkg' returned '0': PYTHONPATH=/home/dogan/ros2_ws/2024_RoboticsAi2TI_Mehmet_Schepens/build/publisher_pkg/prefix_override:/usr/lib/python3/dist-packages/colcon_core/task/python/colcon_distutils_commands:/home/dogan/ros2_ws/2024_RoboticsAi2TI_Mehmet_Schepens/install/publisher_pkg/lib/python3.10/site-packages:${PYTHONPATH} /usr/bin/python3 -W ignore:setup.py install is deprecated setup.py egg_info --egg-base ../../build/publisher_pkg build --build-base /home/dogan/ros2_ws/2024_RoboticsAi2TI_Mehmet_Schepens/build/publisher_pkg/build install --record /home/dogan/ros2_ws/2024_RoboticsAi2TI_Mehmet_Schepens/build/publisher_pkg/install.log --single-version-externally-managed install_data
