running egg_info
creating build/obstakelvermijding_pkg/obstakelvermijding_pkg.egg-info
writing build/obstakelvermijding_pkg/obstakelvermijding_pkg.egg-info/PKG-INFO
writing dependency_links to build/obstakelvermijding_pkg/obstakelvermijding_pkg.egg-info/dependency_links.txt
writing entry points to build/obstakelvermijding_pkg/obstakelvermijding_pkg.egg-info/entry_points.txt
writing requirements to build/obstakelvermijding_pkg/obstakelvermijding_pkg.egg-info/requires.txt
writing top-level names to build/obstakelvermijding_pkg/obstakelvermijding_pkg.egg-info/top_level.txt
writing manifest file 'build/obstakelvermijding_pkg/obstakelvermijding_pkg.egg-info/SOURCES.txt'
reading manifest file 'build/obstakelvermijding_pkg/obstakelvermijding_pkg.egg-info/SOURCES.txt'
writing manifest file 'build/obstakelvermijding_pkg/obstakelvermijding_pkg.egg-info/SOURCES.txt'
running build
running build_py
creating /home/dogan/ros2_ws/src/obstakelvermijding_pkg/build/obstakelvermijding_pkg/build
creating /home/dogan/ros2_ws/src/obstakelvermijding_pkg/build/obstakelvermijding_pkg/build/lib
creating /home/dogan/ros2_ws/src/obstakelvermijding_pkg/build/obstakelvermijding_pkg/build/lib/obstakelvermijding_pkg
copying obstakelvermijding_pkg/__init__.py -> /home/dogan/ros2_ws/src/obstakelvermijding_pkg/build/obstakelvermijding_pkg/build/lib/obstakelvermijding_pkg
copying obstakelvermijding_pkg/obstakelvermijding.py -> /home/dogan/ros2_ws/src/obstakelvermijding_pkg/build/obstakelvermijding_pkg/build/lib/obstakelvermijding_pkg
running install
running install_lib
creating /home/dogan/ros2_ws/src/obstakelvermijding_pkg/install/obstakelvermijding_pkg/lib/python3.10/site-packages/obstakelvermijding_pkg
copying /home/dogan/ros2_ws/src/obstakelvermijding_pkg/build/obstakelvermijding_pkg/build/lib/obstakelvermijding_pkg/__init__.py -> /home/dogan/ros2_ws/src/obstakelvermijding_pkg/install/obstakelvermijding_pkg/lib/python3.10/site-packages/obstakelvermijding_pkg
copying /home/dogan/ros2_ws/src/obstakelvermijding_pkg/build/obstakelvermijding_pkg/build/lib/obstakelvermijding_pkg/obstakelvermijding.py -> /home/dogan/ros2_ws/src/obstakelvermijding_pkg/install/obstakelvermijding_pkg/lib/python3.10/site-packages/obstakelvermijding_pkg
byte-compiling /home/dogan/ros2_ws/src/obstakelvermijding_pkg/install/obstakelvermijding_pkg/lib/python3.10/site-packages/obstakelvermijding_pkg/__init__.py to __init__.cpython-310.pyc
byte-compiling /home/dogan/ros2_ws/src/obstakelvermijding_pkg/install/obstakelvermijding_pkg/lib/python3.10/site-packages/obstakelvermijding_pkg/obstakelvermijding.py to obstakelvermijding.cpython-310.pyc
running install_data
creating /home/dogan/ros2_ws/src/obstakelvermijding_pkg/install/obstakelvermijding_pkg/share/ament_index
creating /home/dogan/ros2_ws/src/obstakelvermijding_pkg/install/obstakelvermijding_pkg/share/ament_index/resource_index
creating /home/dogan/ros2_ws/src/obstakelvermijding_pkg/install/obstakelvermijding_pkg/share/ament_index/resource_index/packages
copying resource/obstakelvermijding_pkg -> /home/dogan/ros2_ws/src/obstakelvermijding_pkg/install/obstakelvermijding_pkg/share/ament_index/resource_index/packages
copying package.xml -> /home/dogan/ros2_ws/src/obstakelvermijding_pkg/install/obstakelvermijding_pkg/share/obstakelvermijding_pkg
creating /home/dogan/ros2_ws/src/obstakelvermijding_pkg/install/obstakelvermijding_pkg/share/obstakelvermijding_pkg/launch
copying launch/obstakelvermijding_pkg_launch_file.launch.py -> /home/dogan/ros2_ws/src/obstakelvermijding_pkg/install/obstakelvermijding_pkg/share/obstakelvermijding_pkg/launch
running install_egg_info
Copying build/obstakelvermijding_pkg/obstakelvermijding_pkg.egg-info to /home/dogan/ros2_ws/src/obstakelvermijding_pkg/install/obstakelvermijding_pkg/lib/python3.10/site-packages/obstakelvermijding_pkg-0.1.0-py3.10.egg-info
running install_scripts
Installing obstakelvermijding script to /home/dogan/ros2_ws/src/obstakelvermijding_pkg/install/obstakelvermijding_pkg/lib/obstakelvermijding_pkg
writing list of installed files to '/home/dogan/ros2_ws/src/obstakelvermijding_pkg/build/obstakelvermijding_pkg/install.log'
