[0.411s] Invoking command in '/home/dogan/ros2_ws/2024_RoboticsAi2TI_Mehmet_Schepens/src/publisher_pkg': PYTHONPATH=/home/dogan/ros2_ws/2024_RoboticsAi2TI_Mehmet_Schepens/build/publisher_pkg/prefix_override:/usr/lib/python3/dist-packages/colcon_core/task/python/colcon_distutils_commands:/home/dogan/ros2_ws/2024_RoboticsAi2TI_Mehmet_Schepens/install/publisher_pkg/lib/python3.10/site-packages:${PYTHONPATH} /usr/bin/python3 -W ignore:setup.py install is deprecated setup.py egg_info --egg-base ../../build/publisher_pkg build --build-base /home/dogan/ros2_ws/2024_RoboticsAi2TI_Mehmet_Schepens/build/publisher_pkg/build install --record /home/dogan/ros2_ws/2024_RoboticsAi2TI_Mehmet_Schepens/build/publisher_pkg/install.log --single-version-externally-managed install_data
[0.580s] running egg_info
[0.580s] writing ../../build/publisher_pkg/publisher_pkg.egg-info/PKG-INFO
[0.580s] writing dependency_links to ../../build/publisher_pkg/publisher_pkg.egg-info/dependency_links.txt
[0.581s] writing entry points to ../../build/publisher_pkg/publisher_pkg.egg-info/entry_points.txt
[0.581s] writing requirements to ../../build/publisher_pkg/publisher_pkg.egg-info/requires.txt
[0.581s] writing top-level names to ../../build/publisher_pkg/publisher_pkg.egg-info/top_level.txt
[0.582s] reading manifest file '../../build/publisher_pkg/publisher_pkg.egg-info/SOURCES.txt'
[0.582s] writing manifest file '../../build/publisher_pkg/publisher_pkg.egg-info/SOURCES.txt'
[0.582s] running build
[0.582s] running build_py
[0.582s] running install
[0.583s] running install_lib
[0.583s] running install_data
[0.583s] running install_egg_info
[0.584s] removing '/home/dogan/ros2_ws/2024_RoboticsAi2TI_Mehmet_Schepens/install/publisher_pkg/lib/python3.10/site-packages/publisher_pkg-0.0.0-py3.10.egg-info' (and everything under it)
[0.585s] Copying ../../build/publisher_pkg/publisher_pkg.egg-info to /home/dogan/ros2_ws/2024_RoboticsAi2TI_Mehmet_Schepens/install/publisher_pkg/lib/python3.10/site-packages/publisher_pkg-0.0.0-py3.10.egg-info
[0.585s] running install_scripts
[0.598s] Installing simple_publisher script to /home/dogan/ros2_ws/2024_RoboticsAi2TI_Mehmet_Schepens/install/publisher_pkg/lib/publisher_pkg
[0.598s] writing list of installed files to '/home/dogan/ros2_ws/2024_RoboticsAi2TI_Mehmet_Schepens/build/publisher_pkg/install.log'
[0.615s] Invoked command in '/home/dogan/ros2_ws/2024_RoboticsAi2TI_Mehmet_Schepens/src/publisher_pkg' returned '0': PYTHONPATH=/home/dogan/ros2_ws/2024_RoboticsAi2TI_Mehmet_Schepens/build/publisher_pkg/prefix_override:/usr/lib/python3/dist-packages/colcon_core/task/python/colcon_distutils_commands:/home/dogan/ros2_ws/2024_RoboticsAi2TI_Mehmet_Schepens/install/publisher_pkg/lib/python3.10/site-packages:${PYTHONPATH} /usr/bin/python3 -W ignore:setup.py install is deprecated setup.py egg_info --egg-base ../../build/publisher_pkg build --build-base /home/dogan/ros2_ws/2024_RoboticsAi2TI_Mehmet_Schepens/build/publisher_pkg/build install --record /home/dogan/ros2_ws/2024_RoboticsAi2TI_Mehmet_Schepens/build/publisher_pkg/install.log --single-version-externally-managed install_data
