running egg_info
writing build/obstakelvermijding_pkg/obstakelvermijding_pkg.egg-info/PKG-INFO
writing dependency_links to build/obstakelvermijding_pkg/obstakelvermijding_pkg.egg-info/dependency_links.txt
writing entry points to build/obstakelvermijding_pkg/obstakelvermijding_pkg.egg-info/entry_points.txt
writing requirements to build/obstakelvermijding_pkg/obstakelvermijding_pkg.egg-info/requires.txt
writing top-level names to build/obstakelvermijding_pkg/obstakelvermijding_pkg.egg-info/top_level.txt
reading manifest file 'build/obstakelvermijding_pkg/obstakelvermijding_pkg.egg-info/SOURCES.txt'
writing manifest file 'build/obstakelvermijding_pkg/obstakelvermijding_pkg.egg-info/SOURCES.txt'
running build
running build_py
copying obstakelvermijding_pkg/obstakelvermijding.py -> /home/dogan/ros2_ws/src/obstakelvermijding_pkg/build/obstakelvermijding_pkg/build/lib/obstakelvermijding_pkg
running install
running install_lib
copying /home/dogan/ros2_ws/src/obstakelvermijding_pkg/build/obstakelvermijding_pkg/build/lib/obstakelvermijding_pkg/obstakelvermijding.py -> /home/dogan/ros2_ws/src/obstakelvermijding_pkg/install/obstakelvermijding_pkg/lib/python3.10/site-packages/obstakelvermijding_pkg
byte-compiling /home/dogan/ros2_ws/src/obstakelvermijding_pkg/install/obstakelvermijding_pkg/lib/python3.10/site-packages/obstakelvermijding_pkg/obstakelvermijding.py to obstakelvermijding.cpython-310.pyc
running install_data
running install_egg_info
removing '/home/dogan/ros2_ws/src/obstakelvermijding_pkg/install/obstakelvermijding_pkg/lib/python3.10/site-packages/obstakelvermijding_pkg-0.1.0-py3.10.egg-info' (and everything under it)
Copying build/obstakelvermijding_pkg/obstakelvermijding_pkg.egg-info to /home/dogan/ros2_ws/src/obstakelvermijding_pkg/install/obstakelvermijding_pkg/lib/python3.10/site-packages/obstakelvermijding_pkg-0.1.0-py3.10.egg-info
running install_scripts
Installing obstakelvermijding script to /home/dogan/ros2_ws/src/obstakelvermijding_pkg/install/obstakelvermijding_pkg/lib/obstakelvermijding_pkg
writing list of installed files to '/home/dogan/ros2_ws/src/obstakelvermijding_pkg/build/obstakelvermijding_pkg/install.log'
