running egg_info
creating build/cartographer_pkg/cartographer_pkg.egg-info
writing build/cartographer_pkg/cartographer_pkg.egg-info/PKG-INFO
writing dependency_links to build/cartographer_pkg/cartographer_pkg.egg-info/dependency_links.txt
writing entry points to build/cartographer_pkg/cartographer_pkg.egg-info/entry_points.txt
writing requirements to build/cartographer_pkg/cartographer_pkg.egg-info/requires.txt
writing top-level names to build/cartographer_pkg/cartographer_pkg.egg-info/top_level.txt
writing manifest file 'build/cartographer_pkg/cartographer_pkg.egg-info/SOURCES.txt'
reading manifest file 'build/cartographer_pkg/cartographer_pkg.egg-info/SOURCES.txt'
writing manifest file 'build/cartographer_pkg/cartographer_pkg.egg-info/SOURCES.txt'
running build
running build_py
creating /home/dogan/ros2_ws/src/cartographer_pkg/build/cartographer_pkg/build
creating /home/dogan/ros2_ws/src/cartographer_pkg/build/cartographer_pkg/build/lib
creating /home/dogan/ros2_ws/src/cartographer_pkg/build/cartographer_pkg/build/lib/cartographer_pkg
copying cartographer_pkg/cartographer_node.py -> /home/dogan/ros2_ws/src/cartographer_pkg/build/cartographer_pkg/build/lib/cartographer_pkg
copying cartographer_pkg/__init__.py -> /home/dogan/ros2_ws/src/cartographer_pkg/build/cartographer_pkg/build/lib/cartographer_pkg
running install
running install_lib
creating /home/dogan/ros2_ws/src/cartographer_pkg/install/cartographer_pkg/lib/python3.10/site-packages/cartographer_pkg
copying /home/dogan/ros2_ws/src/cartographer_pkg/build/cartographer_pkg/build/lib/cartographer_pkg/cartographer_node.py -> /home/dogan/ros2_ws/src/cartographer_pkg/install/cartographer_pkg/lib/python3.10/site-packages/cartographer_pkg
copying /home/dogan/ros2_ws/src/cartographer_pkg/build/cartographer_pkg/build/lib/cartographer_pkg/__init__.py -> /home/dogan/ros2_ws/src/cartographer_pkg/install/cartographer_pkg/lib/python3.10/site-packages/cartographer_pkg
byte-compiling /home/dogan/ros2_ws/src/cartographer_pkg/install/cartographer_pkg/lib/python3.10/site-packages/cartographer_pkg/cartographer_node.py to cartographer_node.cpython-310.pyc
byte-compiling /home/dogan/ros2_ws/src/cartographer_pkg/install/cartographer_pkg/lib/python3.10/site-packages/cartographer_pkg/__init__.py to __init__.cpython-310.pyc
running install_data
creating /home/dogan/ros2_ws/src/cartographer_pkg/install/cartographer_pkg/share
creating /home/dogan/ros2_ws/src/cartographer_pkg/install/cartographer_pkg/share/ament_index
creating /home/dogan/ros2_ws/src/cartographer_pkg/install/cartographer_pkg/share/ament_index/resource_index
creating /home/dogan/ros2_ws/src/cartographer_pkg/install/cartographer_pkg/share/ament_index/resource_index/packages
copying resource/cartographer_pkg -> /home/dogan/ros2_ws/src/cartographer_pkg/install/cartographer_pkg/share/ament_index/resource_index/packages
creating /home/dogan/ros2_ws/src/cartographer_pkg/install/cartographer_pkg/share/cartographer_pkg
copying package.xml -> /home/dogan/ros2_ws/src/cartographer_pkg/install/cartographer_pkg/share/cartographer_pkg
creating /home/dogan/ros2_ws/src/cartographer_pkg/install/cartographer_pkg/share/cartographer_pkg/launch
copying launch/cartographer_launch.py -> /home/dogan/ros2_ws/src/cartographer_pkg/install/cartographer_pkg/share/cartographer_pkg/launch
running install_egg_info
Copying build/cartographer_pkg/cartographer_pkg.egg-info to /home/dogan/ros2_ws/src/cartographer_pkg/install/cartographer_pkg/lib/python3.10/site-packages/cartographer_pkg-0.1.0-py3.10.egg-info
running install_scripts
Installing cartographer_node script to /home/dogan/ros2_ws/src/cartographer_pkg/install/cartographer_pkg/lib/cartographer_pkg
writing list of installed files to '/home/dogan/ros2_ws/src/cartographer_pkg/build/cartographer_pkg/install.log'
