[0.449s] Invoking command in '/home/dogan/ros2_ws/src/cartographer_pkg': PYTHONPATH=/home/dogan/ros2_ws/src/cartographer_pkg/build/cartographer_pkg/prefix_override:/usr/lib/python3/dist-packages/colcon_core/task/python/colcon_distutils_commands:/home/dogan/ros2_ws/src/cartographer_pkg/install/cartographer_pkg/lib/python3.10/site-packages:${PYTHONPATH} /usr/bin/python3 -W ignore:setup.py install is deprecated -W ignore:easy_install command is deprecated setup.py egg_info --egg-base build/cartographer_pkg build --build-base /home/dogan/ros2_ws/src/cartographer_pkg/build/cartographer_pkg/build install --record /home/dogan/ros2_ws/src/cartographer_pkg/build/cartographer_pkg/install.log --single-version-externally-managed install_data
[0.613s] running egg_info
[0.613s] creating build/cartographer_pkg/cartographer_pkg.egg-info
[0.614s] writing build/cartographer_pkg/cartographer_pkg.egg-info/PKG-INFO
[0.614s] writing dependency_links to build/cartographer_pkg/cartographer_pkg.egg-info/dependency_links.txt
[0.614s] writing entry points to build/cartographer_pkg/cartographer_pkg.egg-info/entry_points.txt
[0.614s] writing requirements to build/cartographer_pkg/cartographer_pkg.egg-info/requires.txt
[0.614s] writing top-level names to build/cartographer_pkg/cartographer_pkg.egg-info/top_level.txt
[0.614s] writing manifest file 'build/cartographer_pkg/cartographer_pkg.egg-info/SOURCES.txt'
[0.615s] reading manifest file 'build/cartographer_pkg/cartographer_pkg.egg-info/SOURCES.txt'
[0.615s] writing manifest file 'build/cartographer_pkg/cartographer_pkg.egg-info/SOURCES.txt'
[0.615s] running build
[0.615s] running build_py
[0.615s] creating /home/dogan/ros2_ws/src/cartographer_pkg/build/cartographer_pkg/build
[0.615s] creating /home/dogan/ros2_ws/src/cartographer_pkg/build/cartographer_pkg/build/lib
[0.615s] creating /home/dogan/ros2_ws/src/cartographer_pkg/build/cartographer_pkg/build/lib/cartographer_pkg
[0.615s] copying cartographer_pkg/cartographer_node.py -> /home/dogan/ros2_ws/src/cartographer_pkg/build/cartographer_pkg/build/lib/cartographer_pkg
[0.616s] copying cartographer_pkg/__init__.py -> /home/dogan/ros2_ws/src/cartographer_pkg/build/cartographer_pkg/build/lib/cartographer_pkg
[0.616s] running install
[0.616s] running install_lib
[0.616s] creating /home/dogan/ros2_ws/src/cartographer_pkg/install/cartographer_pkg/lib/python3.10/site-packages/cartographer_pkg
[0.616s] copying /home/dogan/ros2_ws/src/cartographer_pkg/build/cartographer_pkg/build/lib/cartographer_pkg/cartographer_node.py -> /home/dogan/ros2_ws/src/cartographer_pkg/install/cartographer_pkg/lib/python3.10/site-packages/cartographer_pkg
[0.616s] copying /home/dogan/ros2_ws/src/cartographer_pkg/build/cartographer_pkg/build/lib/cartographer_pkg/__init__.py -> /home/dogan/ros2_ws/src/cartographer_pkg/install/cartographer_pkg/lib/python3.10/site-packages/cartographer_pkg
[0.617s] byte-compiling /home/dogan/ros2_ws/src/cartographer_pkg/install/cartographer_pkg/lib/python3.10/site-packages/cartographer_pkg/cartographer_node.py to cartographer_node.cpython-310.pyc
[0.617s] byte-compiling /home/dogan/ros2_ws/src/cartographer_pkg/install/cartographer_pkg/lib/python3.10/site-packages/cartographer_pkg/__init__.py to __init__.cpython-310.pyc
[0.617s] running install_data
[0.617s] creating /home/dogan/ros2_ws/src/cartographer_pkg/install/cartographer_pkg/share
[0.617s] creating /home/dogan/ros2_ws/src/cartographer_pkg/install/cartographer_pkg/share/ament_index
[0.617s] creating /home/dogan/ros2_ws/src/cartographer_pkg/install/cartographer_pkg/share/ament_index/resource_index
[0.617s] creating /home/dogan/ros2_ws/src/cartographer_pkg/install/cartographer_pkg/share/ament_index/resource_index/packages
[0.617s] copying resource/cartographer_pkg -> /home/dogan/ros2_ws/src/cartographer_pkg/install/cartographer_pkg/share/ament_index/resource_index/packages
[0.617s] creating /home/dogan/ros2_ws/src/cartographer_pkg/install/cartographer_pkg/share/cartographer_pkg
[0.617s] copying package.xml -> /home/dogan/ros2_ws/src/cartographer_pkg/install/cartographer_pkg/share/cartographer_pkg
[0.617s] creating /home/dogan/ros2_ws/src/cartographer_pkg/install/cartographer_pkg/share/cartographer_pkg/launch
[0.617s] copying launch/cartographer_launch.py -> /home/dogan/ros2_ws/src/cartographer_pkg/install/cartographer_pkg/share/cartographer_pkg/launch
[0.617s] running install_egg_info
[0.618s] Copying build/cartographer_pkg/cartographer_pkg.egg-info to /home/dogan/ros2_ws/src/cartographer_pkg/install/cartographer_pkg/lib/python3.10/site-packages/cartographer_pkg-0.1.0-py3.10.egg-info
[0.619s] running install_scripts
[0.632s] Installing cartographer_node script to /home/dogan/ros2_ws/src/cartographer_pkg/install/cartographer_pkg/lib/cartographer_pkg
[0.632s] writing list of installed files to '/home/dogan/ros2_ws/src/cartographer_pkg/build/cartographer_pkg/install.log'
[0.652s] Invoked command in '/home/dogan/ros2_ws/src/cartographer_pkg' returned '0': PYTHONPATH=/home/dogan/ros2_ws/src/cartographer_pkg/build/cartographer_pkg/prefix_override:/usr/lib/python3/dist-packages/colcon_core/task/python/colcon_distutils_commands:/home/dogan/ros2_ws/src/cartographer_pkg/install/cartographer_pkg/lib/python3.10/site-packages:${PYTHONPATH} /usr/bin/python3 -W ignore:setup.py install is deprecated -W ignore:easy_install command is deprecated setup.py egg_info --egg-base build/cartographer_pkg build --build-base /home/dogan/ros2_ws/src/cartographer_pkg/build/cartographer_pkg/build install --record /home/dogan/ros2_ws/src/cartographer_pkg/build/cartographer_pkg/install.log --single-version-externally-managed install_data
