[0.507s] Invoking command in '/home/dogan/ros2_ws/src/lidar_mediapipe_mehmet': PYTHONPATH=/home/dogan/ros2_ws/src/lidar_mediapipe_mehmet/build/lidar_mediapipe_mehmet/prefix_override:/usr/lib/python3/dist-packages/colcon_core/task/python/colcon_distutils_commands:/home/dogan/ros2_ws/src/lidar_mediapipe_mehmet/install/lidar_mediapipe_mehmet/lib/python3.10/site-packages:${PYTHONPATH} /usr/bin/python3 -W ignore:setup.py install is deprecated -W ignore:easy_install command is deprecated setup.py egg_info --egg-base build/lidar_mediapipe_mehmet build --build-base /home/dogan/ros2_ws/src/lidar_mediapipe_mehmet/build/lidar_mediapipe_mehmet/build install --record /home/dogan/ros2_ws/src/lidar_mediapipe_mehmet/build/lidar_mediapipe_mehmet/install.log --single-version-externally-managed install_data
[0.702s] running egg_info
[0.702s] writing build/lidar_mediapipe_mehmet/lidar_mediapipe_mehmet.egg-info/PKG-INFO
[0.702s] writing dependency_links to build/lidar_mediapipe_mehmet/lidar_mediapipe_mehmet.egg-info/dependency_links.txt
[0.702s] writing entry points to build/lidar_mediapipe_mehmet/lidar_mediapipe_mehmet.egg-info/entry_points.txt
[0.702s] writing requirements to build/lidar_mediapipe_mehmet/lidar_mediapipe_mehmet.egg-info/requires.txt
[0.702s] writing top-level names to build/lidar_mediapipe_mehmet/lidar_mediapipe_mehmet.egg-info/top_level.txt
[0.704s] reading manifest file 'build/lidar_mediapipe_mehmet/lidar_mediapipe_mehmet.egg-info/SOURCES.txt'
[0.705s] writing manifest file 'build/lidar_mediapipe_mehmet/lidar_mediapipe_mehmet.egg-info/SOURCES.txt'
[0.705s] running build
[0.705s] running build_py
[0.705s] copying lidar_mediapipe_mehmet/gesturecontrol.py -> /home/dogan/ros2_ws/src/lidar_mediapipe_mehmet/build/lidar_mediapipe_mehmet/build/lib/lidar_mediapipe_mehmet
[0.705s] running install
[0.705s] running install_lib
[0.706s] copying /home/dogan/ros2_ws/src/lidar_mediapipe_mehmet/build/lidar_mediapipe_mehmet/build/lib/lidar_mediapipe_mehmet/gesturecontrol.py -> /home/dogan/ros2_ws/src/lidar_mediapipe_mehmet/install/lidar_mediapipe_mehmet/lib/python3.10/site-packages/lidar_mediapipe_mehmet
[0.706s] byte-compiling /home/dogan/ros2_ws/src/lidar_mediapipe_mehmet/install/lidar_mediapipe_mehmet/lib/python3.10/site-packages/lidar_mediapipe_mehmet/gesturecontrol.py to gesturecontrol.cpython-310.pyc
[0.707s] running install_data
[0.707s] running install_egg_info
[0.708s] removing '/home/dogan/ros2_ws/src/lidar_mediapipe_mehmet/install/lidar_mediapipe_mehmet/lib/python3.10/site-packages/lidar_mediapipe_mehmet-0.0.0-py3.10.egg-info' (and everything under it)
[0.708s] Copying build/lidar_mediapipe_mehmet/lidar_mediapipe_mehmet.egg-info to /home/dogan/ros2_ws/src/lidar_mediapipe_mehmet/install/lidar_mediapipe_mehmet/lib/python3.10/site-packages/lidar_mediapipe_mehmet-0.0.0-py3.10.egg-info
[0.709s] running install_scripts
[0.723s] Installing gesturecontrol script to /home/dogan/ros2_ws/src/lidar_mediapipe_mehmet/install/lidar_mediapipe_mehmet/lib/lidar_mediapipe_mehmet
[0.724s] Installing robotcontrol script to /home/dogan/ros2_ws/src/lidar_mediapipe_mehmet/install/lidar_mediapipe_mehmet/lib/lidar_mediapipe_mehmet
[0.724s] writing list of installed files to '/home/dogan/ros2_ws/src/lidar_mediapipe_mehmet/build/lidar_mediapipe_mehmet/install.log'
[0.743s] Invoked command in '/home/dogan/ros2_ws/src/lidar_mediapipe_mehmet' returned '0': PYTHONPATH=/home/dogan/ros2_ws/src/lidar_mediapipe_mehmet/build/lidar_mediapipe_mehmet/prefix_override:/usr/lib/python3/dist-packages/colcon_core/task/python/colcon_distutils_commands:/home/dogan/ros2_ws/src/lidar_mediapipe_mehmet/install/lidar_mediapipe_mehmet/lib/python3.10/site-packages:${PYTHONPATH} /usr/bin/python3 -W ignore:setup.py install is deprecated -W ignore:easy_install command is deprecated setup.py egg_info --egg-base build/lidar_mediapipe_mehmet build --build-base /home/dogan/ros2_ws/src/lidar_mediapipe_mehmet/build/lidar_mediapipe_mehmet/build install --record /home/dogan/ros2_ws/src/lidar_mediapipe_mehmet/build/lidar_mediapipe_mehmet/install.log --single-version-externally-managed install_data
