running egg_info
writing build/cartographer_pkg/cartographer_pkg.egg-info/PKG-INFO
writing dependency_links to build/cartographer_pkg/cartographer_pkg.egg-info/dependency_links.txt
writing entry points to build/cartographer_pkg/cartographer_pkg.egg-info/entry_points.txt
writing requirements to build/cartographer_pkg/cartographer_pkg.egg-info/requires.txt
writing top-level names to build/cartographer_pkg/cartographer_pkg.egg-info/top_level.txt
reading manifest file 'build/cartographer_pkg/cartographer_pkg.egg-info/SOURCES.txt'
writing manifest file 'build/cartographer_pkg/cartographer_pkg.egg-info/SOURCES.txt'
running build
running build_py
copying cartographer_pkg/cartographer_node.py -> /home/dogan/ros2_ws/src/cartographer_pkg/build/cartographer_pkg/build/lib/cartographer_pkg
running install
running install_lib
copying /home/dogan/ros2_ws/src/cartographer_pkg/build/cartographer_pkg/build/lib/cartographer_pkg/cartographer_node.py -> /home/dogan/ros2_ws/src/cartographer_pkg/install/cartographer_pkg/lib/python3.10/site-packages/cartographer_pkg
byte-compiling /home/dogan/ros2_ws/src/cartographer_pkg/install/cartographer_pkg/lib/python3.10/site-packages/cartographer_pkg/cartographer_node.py to cartographer_node.cpython-310.pyc
running install_data
running install_egg_info
removing '/home/dogan/ros2_ws/src/cartographer_pkg/install/cartographer_pkg/lib/python3.10/site-packages/cartographer_pkg-0.0.0-py3.10.egg-info' (and everything under it)
Copying build/cartographer_pkg/cartographer_pkg.egg-info to /home/dogan/ros2_ws/src/cartographer_pkg/install/cartographer_pkg/lib/python3.10/site-packages/cartographer_pkg-0.0.0-py3.10.egg-info
running install_scripts
Installing cartographer_node script to /home/dogan/ros2_ws/src/cartographer_pkg/install/cartographer_pkg/lib/cartographer_pkg
writing list of installed files to '/home/dogan/ros2_ws/src/cartographer_pkg/build/cartographer_pkg/install.log'
